Form e:\云盘同步文件夹\源代码\公共平台\wisemis3.0\addons\育龙学校\frm_readcard.scx has the following errors:
    Unknown REGREAD - Undefined
    Unknown REGWRITE - Undefined

Visual Class Library e:\云盘同步文件夹\源代码\公共平台\wisemis3.0\addons\_base.vcx has the following errors:
    Unknown SETSTATUSTEXT - Undefined
    Unknown SHELLEXECUTE - Undefined
    Unknown CREATEAPPOBJECT - Undefined
    Unknown DOWISEMISAPPLICATION - Undefined
    Unknown SELECTDATA - Undefined
    Unknown CLOSEALIAS - Undefined
    Unknown MD5STRING - Undefined
    Unknown TOTIMESTRING - Undefined
    Unknown IMAGETOFILE - Undefined
    Unknown RUNFILE - Undefined
    Unknown EXECUTE - Undefined

Program e:\云盘同步文件夹\源代码\公共平台\wisemis3.0\addons\myheader.prg has the following errors:
    Unknown SETSTATUSTEXT - Undefined

Form e:\云盘同步文件夹\源代码\公共平台\wisemis3.0\forms\frm_f7.scx has the following errors:
    Unknown SELECTDATA - Undefined
    Unknown CLOSEALIAS - Undefined
    Unknown MESSAGEBOX1 - Undefined
    Unknown TRANSFORMOBJECTS - Undefined

Form e:\云盘同步文件夹\源代码\公共平台\wisemis3.0\addons\frm_browse.scx has the following errors:
    Unknown SETSTATUSTEXT - Undefined

Form e:\云盘同步文件夹\源代码\公共平台\wisemis3.0\forms\frm_browse2.scx has the following errors:
    Unknown SELECTDATA - Undefined
    Unknown RUNFILE - Undefined
    Unknown MESSAGEBOX1 - Undefined
    Unknown TRANSFORMOBJECTS - Undefined
    Unknown TOENGLISH - Undefined
    Unknown VALIDREGISTER - Undefined

Form e:\云盘同步文件夹\源代码\公共平台\wisemis3.0\addons\育龙学校\报名缴费.scx has the following errors:
    Unknown SELECTDATA - Undefined
    Unknown CLOSEALIAS - Undefined
    Unknown EXECUTE - Undefined
    Unknown GETNEWID - Undefined
    Unknown INPUTBOX1 - Undefined

